
*** Running vivado
    with args -log fir.vds -m64 -product Vivado -mode batch -messageDb vivado.pb -notrace -source fir.tcl


****** Vivado v2022.1 (64-bit)
  **** SW Build 3526262 on Mon Apr 18 15:47:01 MDT 2022
  **** IP Build 3524634 on Mon Apr 18 20:55:01 MDT 2022
    ** Copyright 1986-2022 Xilinx, Inc. All Rights Reserved.

source fir.tcl -notrace
create_project: Time (s): cpu = 00:00:07 ; elapsed = 00:00:08 . Memory (MB): peak = 2871.391 ; gain = 0.023 ; free physical = 9502 ; free virtual = 13544
Command: read_checkpoint -auto_incremental -incremental /home/ubuntu/caravel-soc_fpga-lab/lab-fir/fir/project_1/project_1.srcs/utils_1/imports/synth_1/fir.dcp
INFO: [Vivado 12-5825] Read reference checkpoint from /home/ubuntu/caravel-soc_fpga-lab/lab-fir/fir/project_1/project_1.srcs/utils_1/imports/synth_1/fir.dcp for incremental synthesis
INFO: [Vivado 12-7989] Please ensure there are no constraint changes
Command: synth_design -top fir -part xc7z020clg400-1
Starting synth_design
Attempting to get a license for feature 'Synthesis' and/or device 'xc7z020'
INFO: [Common 17-349] Got license for feature 'Synthesis' and/or device 'xc7z020'
INFO: [Device 21-403] Loading part xc7z020clg400-1
INFO: [Designutils 20-5440] No compile time benefit to using incremental synthesis; A full resynthesis will be run
INFO: [Designutils 20-4379] Flow is switching to default flow due to incremental criteria not met. If you would like to alter this behaviour and have the flow terminate instead, please set the following parameter config_implementation {autoIncr.Synth.RejectBehavior Terminate}
INFO: [Synth 8-7079] Multithreading enabled for synth_design using a maximum of 4 processes.
INFO: [Synth 8-7078] Launching helper process for spawning children vivado processes
INFO: [Synth 8-7075] Helper process launched with PID 16125
WARNING: [Synth 8-9889] parameter declaration is not allowed here in this mode of verilog [/home/ubuntu/caravel-soc_fpga-lab/lab-fir/fir/rtl/fir.v:67]
WARNING: [Synth 8-9889] parameter declaration is not allowed here in this mode of verilog [/home/ubuntu/caravel-soc_fpga-lab/lab-fir/fir/rtl/fir.v:68]
WARNING: [Synth 8-9889] parameter declaration is not allowed here in this mode of verilog [/home/ubuntu/caravel-soc_fpga-lab/lab-fir/fir/rtl/fir.v:69]
WARNING: [Synth 8-9889] parameter declaration is not allowed here in this mode of verilog [/home/ubuntu/caravel-soc_fpga-lab/lab-fir/fir/rtl/fir.v:70]
---------------------------------------------------------------------------------
Starting RTL Elaboration : Time (s): cpu = 00:00:06 ; elapsed = 00:00:06 . Memory (MB): peak = 2871.391 ; gain = 0.000 ; free physical = 8688 ; free virtual = 12769
---------------------------------------------------------------------------------
INFO: [Synth 8-6157] synthesizing module 'fir' [/home/ubuntu/caravel-soc_fpga-lab/lab-fir/fir/rtl/fir.v:2]
INFO: [Synth 8-155] case statement is not full and has no default [/home/ubuntu/caravel-soc_fpga-lab/lab-fir/fir/rtl/fir.v:86]
INFO: [Synth 8-155] case statement is not full and has no default [/home/ubuntu/caravel-soc_fpga-lab/lab-fir/fir/rtl/fir.v:178]
INFO: [Synth 8-6155] done synthesizing module 'fir' (0#1) [/home/ubuntu/caravel-soc_fpga-lab/lab-fir/fir/rtl/fir.v:2]
WARNING: [Synth 8-3848] Net awready in module/entity fir does not have driver. [/home/ubuntu/caravel-soc_fpga-lab/lab-fir/fir/rtl/fir.v:8]
WARNING: [Synth 8-3848] Net arready in module/entity fir does not have driver. [/home/ubuntu/caravel-soc_fpga-lab/lab-fir/fir/rtl/fir.v:14]
WARNING: [Synth 8-3917] design fir has port sm_tlast driven by constant 0
WARNING: [Synth 8-7129] Port awready in module fir is either unconnected or has no load
WARNING: [Synth 8-7129] Port arready in module fir is either unconnected or has no load
---------------------------------------------------------------------------------
Finished RTL Elaboration : Time (s): cpu = 00:00:08 ; elapsed = 00:00:09 . Memory (MB): peak = 2871.391 ; gain = 0.000 ; free physical = 8748 ; free virtual = 12837
---------------------------------------------------------------------------------
---------------------------------------------------------------------------------
Start Handling Custom Attributes
---------------------------------------------------------------------------------
---------------------------------------------------------------------------------
Finished Handling Custom Attributes : Time (s): cpu = 00:00:08 ; elapsed = 00:00:10 . Memory (MB): peak = 2871.391 ; gain = 0.000 ; free physical = 8747 ; free virtual = 12837
---------------------------------------------------------------------------------
---------------------------------------------------------------------------------
Finished RTL Optimization Phase 1 : Time (s): cpu = 00:00:08 ; elapsed = 00:00:10 . Memory (MB): peak = 2871.391 ; gain = 0.000 ; free physical = 8747 ; free virtual = 12837
---------------------------------------------------------------------------------
Netlist sorting complete. Time (s): cpu = 00:00:00.02 ; elapsed = 00:00:00.01 . Memory (MB): peak = 2871.391 ; gain = 0.000 ; free physical = 8745 ; free virtual = 12835
INFO: [Project 1-570] Preparing netlist for logic optimization

Processing XDC Constraints
Initializing timing engine
Parsing XDC File [/home/ubuntu/caravel-soc_fpga-lab/lab-fir/fir/project_1/project_1.srcs/constrs_1/new/fir.xdc]
Finished Parsing XDC File [/home/ubuntu/caravel-soc_fpga-lab/lab-fir/fir/project_1/project_1.srcs/constrs_1/new/fir.xdc]
Completed Processing XDC Constraints

Netlist sorting complete. Time (s): cpu = 00:00:00 ; elapsed = 00:00:00 . Memory (MB): peak = 2935.422 ; gain = 0.000 ; free physical = 8646 ; free virtual = 12749
INFO: [Project 1-111] Unisim Transformation Summary:
No Unisim elements were transformed.

Constraint Validation Runtime : Time (s): cpu = 00:00:00.02 ; elapsed = 00:00:00.01 . Memory (MB): peak = 2935.422 ; gain = 0.000 ; free physical = 8646 ; free virtual = 12749
INFO: [Designutils 20-5440] No compile time benefit to using incremental synthesis; A full resynthesis will be run
INFO: [Designutils 20-4379] Flow is switching to default flow due to incremental criteria not met. If you would like to alter this behaviour and have the flow terminate instead, please set the following parameter config_implementation {autoIncr.Synth.RejectBehavior Terminate}
---------------------------------------------------------------------------------
Finished Constraint Validation : Time (s): cpu = 00:00:18 ; elapsed = 00:00:19 . Memory (MB): peak = 2935.422 ; gain = 64.031 ; free physical = 8710 ; free virtual = 12813
---------------------------------------------------------------------------------
---------------------------------------------------------------------------------
Start Loading Part and Timing Information
---------------------------------------------------------------------------------
Loading part: xc7z020clg400-1
---------------------------------------------------------------------------------
Finished Loading Part and Timing Information : Time (s): cpu = 00:00:18 ; elapsed = 00:00:19 . Memory (MB): peak = 2935.422 ; gain = 64.031 ; free physical = 8710 ; free virtual = 12813
---------------------------------------------------------------------------------
---------------------------------------------------------------------------------
Start Applying 'set_property' XDC Constraints
---------------------------------------------------------------------------------
---------------------------------------------------------------------------------
Finished applying 'set_property' XDC Constraints : Time (s): cpu = 00:00:18 ; elapsed = 00:00:19 . Memory (MB): peak = 2935.422 ; gain = 64.031 ; free physical = 8710 ; free virtual = 12813
---------------------------------------------------------------------------------
---------------------------------------------------------------------------------
Finished RTL Optimization Phase 2 : Time (s): cpu = 00:00:18 ; elapsed = 00:00:20 . Memory (MB): peak = 2935.422 ; gain = 64.031 ; free physical = 8698 ; free virtual = 12804
---------------------------------------------------------------------------------
---------------------------------------------------------------------------------
Start RTL Component Statistics 
---------------------------------------------------------------------------------
Detailed RTL Component Info : 
+---Adders : 
	   2 Input   32 Bit       Adders := 4     
	   2 Input   12 Bit       Adders := 4     
+---Registers : 
	               32 Bit    Registers := 1     
	                2 Bit    Registers := 2     
+---Multipliers : 
	              32x32  Multipliers := 1     
+---Muxes : 
	   2 Input   32 Bit        Muxes := 7     
	   3 Input   32 Bit        Muxes := 1     
	   4 Input   32 Bit        Muxes := 1     
	   2 Input   12 Bit        Muxes := 6     
	   3 Input    4 Bit        Muxes := 1     
	   5 Input    2 Bit        Muxes := 2     
	   4 Input    2 Bit        Muxes := 3     
	   2 Input    2 Bit        Muxes := 1     
	   4 Input    1 Bit        Muxes := 12    
	   2 Input    1 Bit        Muxes := 20    
---------------------------------------------------------------------------------
Finished RTL Component Statistics 
---------------------------------------------------------------------------------
---------------------------------------------------------------------------------
Start Part Resource Summary
---------------------------------------------------------------------------------
Part Resources:
DSPs: 220 (col length:60)
BRAMs: 280 (col length: RAMB18 60 RAMB36 30)
---------------------------------------------------------------------------------
Finished Part Resource Summary
---------------------------------------------------------------------------------
---------------------------------------------------------------------------------
Start Cross Boundary and Area Optimization
---------------------------------------------------------------------------------
WARNING: [Synth 8-7080] Parallel synthesis criteria is not met
DSP Report: Generating DSP genblk1.acc_reg0, operation Mode is: A*B.
DSP Report: operator genblk1.acc_reg0 is absorbed into DSP genblk1.acc_reg0.
DSP Report: operator genblk1.acc_reg0 is absorbed into DSP genblk1.acc_reg0.
DSP Report: Generating DSP genblk1.acc_reg0, operation Mode is: (PCIN>>17)+A*B.
DSP Report: operator genblk1.acc_reg0 is absorbed into DSP genblk1.acc_reg0.
DSP Report: operator genblk1.acc_reg0 is absorbed into DSP genblk1.acc_reg0.
DSP Report: Generating DSP genblk1.acc_reg0, operation Mode is: A2*B.
DSP Report: register genblk1.acc_reg0 is absorbed into DSP genblk1.acc_reg0.
DSP Report: operator genblk1.acc_reg0 is absorbed into DSP genblk1.acc_reg0.
DSP Report: operator genblk1.acc_reg0 is absorbed into DSP genblk1.acc_reg0.
DSP Report: Generating DSP genblk1.acc_reg0, operation Mode is: (PCIN>>17)+A2*B.
DSP Report: register genblk1.acc_reg0 is absorbed into DSP genblk1.acc_reg0.
DSP Report: operator genblk1.acc_reg0 is absorbed into DSP genblk1.acc_reg0.
DSP Report: operator genblk1.acc_reg0 is absorbed into DSP genblk1.acc_reg0.
WARNING: [Synth 8-3917] design fir has port sm_tlast driven by constant 0
WARNING: [Synth 8-7129] Port awready in module fir is either unconnected or has no load
WARNING: [Synth 8-7129] Port arready in module fir is either unconnected or has no load
CRITICAL WARNING: [Synth 8-6859] multi-driven net on pin Q with 1st driver pin 'genblk1.ap_crl_reg[2]__0/Q' [/home/ubuntu/caravel-soc_fpga-lab/lab-fir/fir/rtl/fir.v:81]
CRITICAL WARNING: [Synth 8-6859] multi-driven net on pin Q with 2nd driver pin 'GND' [/home/ubuntu/caravel-soc_fpga-lab/lab-fir/fir/rtl/fir.v:81]
CRITICAL WARNING: [Synth 8-6858] multi-driven net Q is connected to at least one constant driver which has been preserved, other driver is ignored [/home/ubuntu/caravel-soc_fpga-lab/lab-fir/fir/rtl/fir.v:81]
CRITICAL WARNING: [Synth 8-6859] multi-driven net on pin Q with 1st driver pin 'genblk1.ap_crl_reg[1]__1/Q' [/home/ubuntu/caravel-soc_fpga-lab/lab-fir/fir/rtl/fir.v:81]
CRITICAL WARNING: [Synth 8-6859] multi-driven net on pin Q with 2nd driver pin 'VCC' [/home/ubuntu/caravel-soc_fpga-lab/lab-fir/fir/rtl/fir.v:81]
CRITICAL WARNING: [Synth 8-6858] multi-driven net Q is connected to at least one constant driver which has been preserved, other driver is ignored [/home/ubuntu/caravel-soc_fpga-lab/lab-fir/fir/rtl/fir.v:81]
CRITICAL WARNING: [Synth 8-6859] multi-driven net on pin Q with 1st driver pin 'genblk1.bramrst_reg__0/Q' [/home/ubuntu/caravel-soc_fpga-lab/lab-fir/fir/rtl/fir.v:84]
CRITICAL WARNING: [Synth 8-6859] multi-driven net on pin Q with 2nd driver pin 'VCC' [/home/ubuntu/caravel-soc_fpga-lab/lab-fir/fir/rtl/fir.v:84]
CRITICAL WARNING: [Synth 8-6858] multi-driven net Q is connected to at least one constant driver which has been preserved, other driver is ignored [/home/ubuntu/caravel-soc_fpga-lab/lab-fir/fir/rtl/fir.v:84]
CRITICAL WARNING: [Synth 8-6859] multi-driven net on pin Q with 1st driver pin 'genblk1.ap_start_reg[1]__0/Q' [/home/ubuntu/caravel-soc_fpga-lab/lab-fir/fir/rtl/fir.v:80]
CRITICAL WARNING: [Synth 8-6859] multi-driven net on pin Q with 2nd driver pin 'GND' [/home/ubuntu/caravel-soc_fpga-lab/lab-fir/fir/rtl/fir.v:80]
CRITICAL WARNING: [Synth 8-6858] multi-driven net Q is connected to at least one constant driver which has been preserved, other driver is ignored [/home/ubuntu/caravel-soc_fpga-lab/lab-fir/fir/rtl/fir.v:80]
CRITICAL WARNING: [Synth 8-6859] multi-driven net on pin Q with 1st driver pin 'genblk1.ap_start_reg[0]__0/Q' [/home/ubuntu/caravel-soc_fpga-lab/lab-fir/fir/rtl/fir.v:80]
CRITICAL WARNING: [Synth 8-6859] multi-driven net on pin Q with 2nd driver pin 'GND' [/home/ubuntu/caravel-soc_fpga-lab/lab-fir/fir/rtl/fir.v:80]
CRITICAL WARNING: [Synth 8-6858] multi-driven net Q is connected to at least one constant driver which has been preserved, other driver is ignored [/home/ubuntu/caravel-soc_fpga-lab/lab-fir/fir/rtl/fir.v:80]
CRITICAL WARNING: [Synth 8-6859] multi-driven net on pin Q with 1st driver pin 'genblk1.fir_st_reg[1]__0/Q' [/home/ubuntu/caravel-soc_fpga-lab/lab-fir/fir/rtl/fir.v:82]
CRITICAL WARNING: [Synth 8-6859] multi-driven net on pin Q with 2nd driver pin 'GND' [/home/ubuntu/caravel-soc_fpga-lab/lab-fir/fir/rtl/fir.v:82]
CRITICAL WARNING: [Synth 8-6858] multi-driven net Q is connected to at least one constant driver which has been preserved, other driver is ignored [/home/ubuntu/caravel-soc_fpga-lab/lab-fir/fir/rtl/fir.v:82]
CRITICAL WARNING: [Synth 8-6859] multi-driven net on pin Q with 1st driver pin 'genblk1.fir_st_reg[0]__0/Q' [/home/ubuntu/caravel-soc_fpga-lab/lab-fir/fir/rtl/fir.v:82]
CRITICAL WARNING: [Synth 8-6859] multi-driven net on pin Q with 2nd driver pin 'GND' [/home/ubuntu/caravel-soc_fpga-lab/lab-fir/fir/rtl/fir.v:82]
CRITICAL WARNING: [Synth 8-6858] multi-driven net Q is connected to at least one constant driver which has been preserved, other driver is ignored [/home/ubuntu/caravel-soc_fpga-lab/lab-fir/fir/rtl/fir.v:82]
CRITICAL WARNING: [Synth 8-6859] multi-driven net on pin Q with 1st driver pin 'genblk1.stream_st_reg[1]__1/Q' [/home/ubuntu/caravel-soc_fpga-lab/lab-fir/fir/rtl/fir.v:77]
CRITICAL WARNING: [Synth 8-6859] multi-driven net on pin Q with 2nd driver pin 'GND' [/home/ubuntu/caravel-soc_fpga-lab/lab-fir/fir/rtl/fir.v:77]
CRITICAL WARNING: [Synth 8-6858] multi-driven net Q is connected to at least one constant driver which has been preserved, other driver is ignored [/home/ubuntu/caravel-soc_fpga-lab/lab-fir/fir/rtl/fir.v:77]
CRITICAL WARNING: [Synth 8-6859] multi-driven net on pin Q with 1st driver pin 'genblk1.stream_st_reg[0]__1/Q' [/home/ubuntu/caravel-soc_fpga-lab/lab-fir/fir/rtl/fir.v:77]
CRITICAL WARNING: [Synth 8-6859] multi-driven net on pin Q with 2nd driver pin 'GND' [/home/ubuntu/caravel-soc_fpga-lab/lab-fir/fir/rtl/fir.v:77]
CRITICAL WARNING: [Synth 8-6858] multi-driven net Q is connected to at least one constant driver which has been preserved, other driver is ignored [/home/ubuntu/caravel-soc_fpga-lab/lab-fir/fir/rtl/fir.v:77]
CRITICAL WARNING: [Synth 8-6859] multi-driven net on pin Q with 1st driver pin 'genblk1.k_reg__0/Q' [/home/ubuntu/caravel-soc_fpga-lab/lab-fir/fir/rtl/fir.v:83]
CRITICAL WARNING: [Synth 8-6859] multi-driven net on pin Q with 2nd driver pin 'GND' [/home/ubuntu/caravel-soc_fpga-lab/lab-fir/fir/rtl/fir.v:83]
CRITICAL WARNING: [Synth 8-6858] multi-driven net Q is connected to at least one constant driver which has been preserved, other driver is ignored [/home/ubuntu/caravel-soc_fpga-lab/lab-fir/fir/rtl/fir.v:83]
CRITICAL WARNING: [Synth 8-6859] multi-driven net on pin Q with 1st driver pin 'genblk1.acc2_reg[31]__0/Q' [/home/ubuntu/caravel-soc_fpga-lab/lab-fir/fir/rtl/fir.v:152]
CRITICAL WARNING: [Synth 8-6859] multi-driven net on pin Q with 2nd driver pin 'GND' [/home/ubuntu/caravel-soc_fpga-lab/lab-fir/fir/rtl/fir.v:152]
CRITICAL WARNING: [Synth 8-6858] multi-driven net Q is connected to at least one constant driver which has been preserved, other driver is ignored [/home/ubuntu/caravel-soc_fpga-lab/lab-fir/fir/rtl/fir.v:152]
CRITICAL WARNING: [Synth 8-6859] multi-driven net on pin Q with 1st driver pin 'genblk1.acc2_reg[30]__0/Q' [/home/ubuntu/caravel-soc_fpga-lab/lab-fir/fir/rtl/fir.v:152]
CRITICAL WARNING: [Synth 8-6859] multi-driven net on pin Q with 2nd driver pin 'GND' [/home/ubuntu/caravel-soc_fpga-lab/lab-fir/fir/rtl/fir.v:152]
CRITICAL WARNING: [Synth 8-6858] multi-driven net Q is connected to at least one constant driver which has been preserved, other driver is ignored [/home/ubuntu/caravel-soc_fpga-lab/lab-fir/fir/rtl/fir.v:152]
CRITICAL WARNING: [Synth 8-6859] multi-driven net on pin Q with 1st driver pin 'genblk1.acc2_reg[29]__0/Q' [/home/ubuntu/caravel-soc_fpga-lab/lab-fir/fir/rtl/fir.v:152]
CRITICAL WARNING: [Synth 8-6859] multi-driven net on pin Q with 2nd driver pin 'GND' [/home/ubuntu/caravel-soc_fpga-lab/lab-fir/fir/rtl/fir.v:152]
CRITICAL WARNING: [Synth 8-6858] multi-driven net Q is connected to at least one constant driver which has been preserved, other driver is ignored [/home/ubuntu/caravel-soc_fpga-lab/lab-fir/fir/rtl/fir.v:152]
CRITICAL WARNING: [Synth 8-6859] multi-driven net on pin Q with 1st driver pin 'genblk1.acc2_reg[28]__0/Q' [/home/ubuntu/caravel-soc_fpga-lab/lab-fir/fir/rtl/fir.v:152]
CRITICAL WARNING: [Synth 8-6859] multi-driven net on pin Q with 2nd driver pin 'GND' [/home/ubuntu/caravel-soc_fpga-lab/lab-fir/fir/rtl/fir.v:152]
CRITICAL WARNING: [Synth 8-6858] multi-driven net Q is connected to at least one constant driver which has been preserved, other driver is ignored [/home/ubuntu/caravel-soc_fpga-lab/lab-fir/fir/rtl/fir.v:152]
CRITICAL WARNING: [Synth 8-6859] multi-driven net on pin Q with 1st driver pin 'genblk1.acc2_reg[27]__0/Q' [/home/ubuntu/caravel-soc_fpga-lab/lab-fir/fir/rtl/fir.v:152]
CRITICAL WARNING: [Synth 8-6859] multi-driven net on pin Q with 2nd driver pin 'GND' [/home/ubuntu/caravel-soc_fpga-lab/lab-fir/fir/rtl/fir.v:152]
CRITICAL WARNING: [Synth 8-6858] multi-driven net Q is connected to at least one constant driver which has been preserved, other driver is ignored [/home/ubuntu/caravel-soc_fpga-lab/lab-fir/fir/rtl/fir.v:152]
CRITICAL WARNING: [Synth 8-6859] multi-driven net on pin Q with 1st driver pin 'genblk1.acc2_reg[26]__0/Q' [/home/ubuntu/caravel-soc_fpga-lab/lab-fir/fir/rtl/fir.v:152]
CRITICAL WARNING: [Synth 8-6859] multi-driven net on pin Q with 2nd driver pin 'GND' [/home/ubuntu/caravel-soc_fpga-lab/lab-fir/fir/rtl/fir.v:152]
CRITICAL WARNING: [Synth 8-6858] multi-driven net Q is connected to at least one constant driver which has been preserved, other driver is ignored [/home/ubuntu/caravel-soc_fpga-lab/lab-fir/fir/rtl/fir.v:152]
CRITICAL WARNING: [Synth 8-6859] multi-driven net on pin Q with 1st driver pin 'genblk1.acc2_reg[25]__0/Q' [/home/ubuntu/caravel-soc_fpga-lab/lab-fir/fir/rtl/fir.v:152]
CRITICAL WARNING: [Synth 8-6859] multi-driven net on pin Q with 2nd driver pin 'GND' [/home/ubuntu/caravel-soc_fpga-lab/lab-fir/fir/rtl/fir.v:152]
CRITICAL WARNING: [Synth 8-6858] multi-driven net Q is connected to at least one constant driver which has been preserved, other driver is ignored [/home/ubuntu/caravel-soc_fpga-lab/lab-fir/fir/rtl/fir.v:152]
CRITICAL WARNING: [Synth 8-6859] multi-driven net on pin Q with 1st driver pin 'genblk1.acc2_reg[24]__0/Q' [/home/ubuntu/caravel-soc_fpga-lab/lab-fir/fir/rtl/fir.v:152]
CRITICAL WARNING: [Synth 8-6859] multi-driven net on pin Q with 2nd driver pin 'GND' [/home/ubuntu/caravel-soc_fpga-lab/lab-fir/fir/rtl/fir.v:152]
CRITICAL WARNING: [Synth 8-6858] multi-driven net Q is connected to at least one constant driver which has been preserved, other driver is ignored [/home/ubuntu/caravel-soc_fpga-lab/lab-fir/fir/rtl/fir.v:152]
CRITICAL WARNING: [Synth 8-6859] multi-driven net on pin Q with 1st driver pin 'genblk1.acc2_reg[23]__0/Q' [/home/ubuntu/caravel-soc_fpga-lab/lab-fir/fir/rtl/fir.v:152]
CRITICAL WARNING: [Synth 8-6859] multi-driven net on pin Q with 2nd driver pin 'GND' [/home/ubuntu/caravel-soc_fpga-lab/lab-fir/fir/rtl/fir.v:152]
CRITICAL WARNING: [Synth 8-6858] multi-driven net Q is connected to at least one constant driver which has been preserved, other driver is ignored [/home/ubuntu/caravel-soc_fpga-lab/lab-fir/fir/rtl/fir.v:152]
CRITICAL WARNING: [Synth 8-6859] multi-driven net on pin Q with 1st driver pin 'genblk1.acc2_reg[22]__0/Q' [/home/ubuntu/caravel-soc_fpga-lab/lab-fir/fir/rtl/fir.v:152]
CRITICAL WARNING: [Synth 8-6859] multi-driven net on pin Q with 2nd driver pin 'GND' [/home/ubuntu/caravel-soc_fpga-lab/lab-fir/fir/rtl/fir.v:152]
CRITICAL WARNING: [Synth 8-6858] multi-driven net Q is connected to at least one constant driver which has been preserved, other driver is ignored [/home/ubuntu/caravel-soc_fpga-lab/lab-fir/fir/rtl/fir.v:152]
CRITICAL WARNING: [Synth 8-6859] multi-driven net on pin Q with 1st driver pin 'genblk1.acc2_reg[21]__0/Q' [/home/ubuntu/caravel-soc_fpga-lab/lab-fir/fir/rtl/fir.v:152]
CRITICAL WARNING: [Synth 8-6859] multi-driven net on pin Q with 2nd driver pin 'GND' [/home/ubuntu/caravel-soc_fpga-lab/lab-fir/fir/rtl/fir.v:152]
CRITICAL WARNING: [Synth 8-6858] multi-driven net Q is connected to at least one constant driver which has been preserved, other driver is ignored [/home/ubuntu/caravel-soc_fpga-lab/lab-fir/fir/rtl/fir.v:152]
CRITICAL WARNING: [Synth 8-6859] multi-driven net on pin Q with 1st driver pin 'genblk1.acc2_reg[20]__0/Q' [/home/ubuntu/caravel-soc_fpga-lab/lab-fir/fir/rtl/fir.v:152]
CRITICAL WARNING: [Synth 8-6859] multi-driven net on pin Q with 2nd driver pin 'GND' [/home/ubuntu/caravel-soc_fpga-lab/lab-fir/fir/rtl/fir.v:152]
CRITICAL WARNING: [Synth 8-6858] multi-driven net Q is connected to at least one constant driver which has been preserved, other driver is ignored [/home/ubuntu/caravel-soc_fpga-lab/lab-fir/fir/rtl/fir.v:152]
CRITICAL WARNING: [Synth 8-6859] multi-driven net on pin Q with 1st driver pin 'genblk1.acc2_reg[19]__0/Q' [/home/ubuntu/caravel-soc_fpga-lab/lab-fir/fir/rtl/fir.v:152]
CRITICAL WARNING: [Synth 8-6859] multi-driven net on pin Q with 2nd driver pin 'GND' [/home/ubuntu/caravel-soc_fpga-lab/lab-fir/fir/rtl/fir.v:152]
CRITICAL WARNING: [Synth 8-6858] multi-driven net Q is connected to at least one constant driver which has been preserved, other driver is ignored [/home/ubuntu/caravel-soc_fpga-lab/lab-fir/fir/rtl/fir.v:152]
CRITICAL WARNING: [Synth 8-6859] multi-driven net on pin Q with 1st driver pin 'genblk1.acc2_reg[18]__0/Q' [/home/ubuntu/caravel-soc_fpga-lab/lab-fir/fir/rtl/fir.v:152]
CRITICAL WARNING: [Synth 8-6859] multi-driven net on pin Q with 2nd driver pin 'GND' [/home/ubuntu/caravel-soc_fpga-lab/lab-fir/fir/rtl/fir.v:152]
CRITICAL WARNING: [Synth 8-6858] multi-driven net Q is connected to at least one constant driver which has been preserved, other driver is ignored [/home/ubuntu/caravel-soc_fpga-lab/lab-fir/fir/rtl/fir.v:152]
CRITICAL WARNING: [Synth 8-6859] multi-driven net on pin Q with 1st driver pin 'genblk1.acc2_reg[17]__0/Q' [/home/ubuntu/caravel-soc_fpga-lab/lab-fir/fir/rtl/fir.v:152]
CRITICAL WARNING: [Synth 8-6859] multi-driven net on pin Q with 2nd driver pin 'GND' [/home/ubuntu/caravel-soc_fpga-lab/lab-fir/fir/rtl/fir.v:152]
CRITICAL WARNING: [Synth 8-6858] multi-driven net Q is connected to at least one constant driver which has been preserved, other driver is ignored [/home/ubuntu/caravel-soc_fpga-lab/lab-fir/fir/rtl/fir.v:152]
CRITICAL WARNING: [Synth 8-6859] multi-driven net on pin Q with 1st driver pin 'genblk1.acc2_reg[16]__0/Q' [/home/ubuntu/caravel-soc_fpga-lab/lab-fir/fir/rtl/fir.v:152]
CRITICAL WARNING: [Synth 8-6859] multi-driven net on pin Q with 2nd driver pin 'GND' [/home/ubuntu/caravel-soc_fpga-lab/lab-fir/fir/rtl/fir.v:152]
CRITICAL WARNING: [Synth 8-6858] multi-driven net Q is connected to at least one constant driver which has been preserved, other driver is ignored [/home/ubuntu/caravel-soc_fpga-lab/lab-fir/fir/rtl/fir.v:152]
CRITICAL WARNING: [Synth 8-6859] multi-driven net on pin Q with 1st driver pin 'genblk1.acc2_reg[15]__0/Q' [/home/ubuntu/caravel-soc_fpga-lab/lab-fir/fir/rtl/fir.v:152]
CRITICAL WARNING: [Synth 8-6859] multi-driven net on pin Q with 2nd driver pin 'GND' [/home/ubuntu/caravel-soc_fpga-lab/lab-fir/fir/rtl/fir.v:152]
CRITICAL WARNING: [Synth 8-6858] multi-driven net Q is connected to at least one constant driver which has been preserved, other driver is ignored [/home/ubuntu/caravel-soc_fpga-lab/lab-fir/fir/rtl/fir.v:152]
CRITICAL WARNING: [Synth 8-6859] multi-driven net on pin Q with 1st driver pin 'genblk1.acc2_reg[14]__0/Q' [/home/ubuntu/caravel-soc_fpga-lab/lab-fir/fir/rtl/fir.v:152]
CRITICAL WARNING: [Synth 8-6859] multi-driven net on pin Q with 2nd driver pin 'GND' [/home/ubuntu/caravel-soc_fpga-lab/lab-fir/fir/rtl/fir.v:152]
CRITICAL WARNING: [Synth 8-6858] multi-driven net Q is connected to at least one constant driver which has been preserved, other driver is ignored [/home/ubuntu/caravel-soc_fpga-lab/lab-fir/fir/rtl/fir.v:152]
CRITICAL WARNING: [Synth 8-6859] multi-driven net on pin Q with 1st driver pin 'genblk1.acc2_reg[13]__0/Q' [/home/ubuntu/caravel-soc_fpga-lab/lab-fir/fir/rtl/fir.v:152]
CRITICAL WARNING: [Synth 8-6859] multi-driven net on pin Q with 2nd driver pin 'GND' [/home/ubuntu/caravel-soc_fpga-lab/lab-fir/fir/rtl/fir.v:152]
CRITICAL WARNING: [Synth 8-6858] multi-driven net Q is connected to at least one constant driver which has been preserved, other driver is ignored [/home/ubuntu/caravel-soc_fpga-lab/lab-fir/fir/rtl/fir.v:152]
CRITICAL WARNING: [Synth 8-6859] multi-driven net on pin Q with 1st driver pin 'genblk1.acc2_reg[12]__0/Q' [/home/ubuntu/caravel-soc_fpga-lab/lab-fir/fir/rtl/fir.v:152]
CRITICAL WARNING: [Synth 8-6859] multi-driven net on pin Q with 2nd driver pin 'GND' [/home/ubuntu/caravel-soc_fpga-lab/lab-fir/fir/rtl/fir.v:152]
CRITICAL WARNING: [Synth 8-6858] multi-driven net Q is connected to at least one constant driver which has been preserved, other driver is ignored [/home/ubuntu/caravel-soc_fpga-lab/lab-fir/fir/rtl/fir.v:152]
CRITICAL WARNING: [Synth 8-6859] multi-driven net on pin Q with 1st driver pin 'genblk1.acc2_reg[11]__0/Q' [/home/ubuntu/caravel-soc_fpga-lab/lab-fir/fir/rtl/fir.v:152]
CRITICAL WARNING: [Synth 8-6859] multi-driven net on pin Q with 2nd driver pin 'GND' [/home/ubuntu/caravel-soc_fpga-lab/lab-fir/fir/rtl/fir.v:152]
CRITICAL WARNING: [Synth 8-6858] multi-driven net Q is connected to at least one constant driver which has been preserved, other driver is ignored [/home/ubuntu/caravel-soc_fpga-lab/lab-fir/fir/rtl/fir.v:152]
CRITICAL WARNING: [Synth 8-6859] multi-driven net on pin Q with 1st driver pin 'genblk1.acc2_reg[10]__0/Q' [/home/ubuntu/caravel-soc_fpga-lab/lab-fir/fir/rtl/fir.v:152]
CRITICAL WARNING: [Synth 8-6859] multi-driven net on pin Q with 2nd driver pin 'GND' [/home/ubuntu/caravel-soc_fpga-lab/lab-fir/fir/rtl/fir.v:152]
CRITICAL WARNING: [Synth 8-6858] multi-driven net Q is connected to at least one constant driver which has been preserved, other driver is ignored [/home/ubuntu/caravel-soc_fpga-lab/lab-fir/fir/rtl/fir.v:152]
CRITICAL WARNING: [Synth 8-6859] multi-driven net on pin Q with 1st driver pin 'genblk1.acc2_reg[9]__0/Q' [/home/ubuntu/caravel-soc_fpga-lab/lab-fir/fir/rtl/fir.v:152]
CRITICAL WARNING: [Synth 8-6859] multi-driven net on pin Q with 2nd driver pin 'GND' [/home/ubuntu/caravel-soc_fpga-lab/lab-fir/fir/rtl/fir.v:152]
CRITICAL WARNING: [Synth 8-6858] multi-driven net Q is connected to at least one constant driver which has been preserved, other driver is ignored [/home/ubuntu/caravel-soc_fpga-lab/lab-fir/fir/rtl/fir.v:152]
CRITICAL WARNING: [Synth 8-6859] multi-driven net on pin Q with 1st driver pin 'genblk1.acc2_reg[8]__0/Q' [/home/ubuntu/caravel-soc_fpga-lab/lab-fir/fir/rtl/fir.v:152]
CRITICAL WARNING: [Synth 8-6859] multi-driven net on pin Q with 2nd driver pin 'GND' [/home/ubuntu/caravel-soc_fpga-lab/lab-fir/fir/rtl/fir.v:152]
CRITICAL WARNING: [Synth 8-6858] multi-driven net Q is connected to at least one constant driver which has been preserved, other driver is ignored [/home/ubuntu/caravel-soc_fpga-lab/lab-fir/fir/rtl/fir.v:152]
CRITICAL WARNING: [Synth 8-6859] multi-driven net on pin Q with 1st driver pin 'genblk1.acc2_reg[7]__0/Q' [/home/ubuntu/caravel-soc_fpga-lab/lab-fir/fir/rtl/fir.v:152]
CRITICAL WARNING: [Synth 8-6859] multi-driven net on pin Q with 2nd driver pin 'GND' [/home/ubuntu/caravel-soc_fpga-lab/lab-fir/fir/rtl/fir.v:152]
CRITICAL WARNING: [Synth 8-6858] multi-driven net Q is connected to at least one constant driver which has been preserved, other driver is ignored [/home/ubuntu/caravel-soc_fpga-lab/lab-fir/fir/rtl/fir.v:152]
CRITICAL WARNING: [Synth 8-6859] multi-driven net on pin Q with 1st driver pin 'genblk1.acc2_reg[6]__0/Q' [/home/ubuntu/caravel-soc_fpga-lab/lab-fir/fir/rtl/fir.v:152]
CRITICAL WARNING: [Synth 8-6859] multi-driven net on pin Q with 2nd driver pin 'GND' [/home/ubuntu/caravel-soc_fpga-lab/lab-fir/fir/rtl/fir.v:152]
CRITICAL WARNING: [Synth 8-6858] multi-driven net Q is connected to at least one constant driver which has been preserved, other driver is ignored [/home/ubuntu/caravel-soc_fpga-lab/lab-fir/fir/rtl/fir.v:152]
CRITICAL WARNING: [Synth 8-6859] multi-driven net on pin Q with 1st driver pin 'genblk1.acc2_reg[5]__0/Q' [/home/ubuntu/caravel-soc_fpga-lab/lab-fir/fir/rtl/fir.v:152]
CRITICAL WARNING: [Synth 8-6859] multi-driven net on pin Q with 2nd driver pin 'GND' [/home/ubuntu/caravel-soc_fpga-lab/lab-fir/fir/rtl/fir.v:152]
CRITICAL WARNING: [Synth 8-6858] multi-driven net Q is connected to at least one constant driver which has been preserved, other driver is ignored [/home/ubuntu/caravel-soc_fpga-lab/lab-fir/fir/rtl/fir.v:152]
CRITICAL WARNING: [Synth 8-6859] multi-driven net on pin Q with 1st driver pin 'genblk1.acc2_reg[4]__0/Q' [/home/ubuntu/caravel-soc_fpga-lab/lab-fir/fir/rtl/fir.v:152]
CRITICAL WARNING: [Synth 8-6859] multi-driven net on pin Q with 2nd driver pin 'GND' [/home/ubuntu/caravel-soc_fpga-lab/lab-fir/fir/rtl/fir.v:152]
CRITICAL WARNING: [Synth 8-6858] multi-driven net Q is connected to at least one constant driver which has been preserved, other driver is ignored [/home/ubuntu/caravel-soc_fpga-lab/lab-fir/fir/rtl/fir.v:152]
CRITICAL WARNING: [Synth 8-6859] multi-driven net on pin Q with 1st driver pin 'genblk1.acc2_reg[3]__0/Q' [/home/ubuntu/caravel-soc_fpga-lab/lab-fir/fir/rtl/fir.v:152]
CRITICAL WARNING: [Synth 8-6859] multi-driven net on pin Q with 2nd driver pin 'GND' [/home/ubuntu/caravel-soc_fpga-lab/lab-fir/fir/rtl/fir.v:152]
CRITICAL WARNING: [Synth 8-6858] multi-driven net Q is connected to at least one constant driver which has been preserved, other driver is ignored [/home/ubuntu/caravel-soc_fpga-lab/lab-fir/fir/rtl/fir.v:152]
CRITICAL WARNING: [Synth 8-6859] multi-driven net on pin Q with 1st driver pin 'genblk1.acc2_reg[2]__0/Q' [/home/ubuntu/caravel-soc_fpga-lab/lab-fir/fir/rtl/fir.v:152]
CRITICAL WARNING: [Synth 8-6859] multi-driven net on pin Q with 2nd driver pin 'GND' [/home/ubuntu/caravel-soc_fpga-lab/lab-fir/fir/rtl/fir.v:152]
CRITICAL WARNING: [Synth 8-6858] multi-driven net Q is connected to at least one constant driver which has been preserved, other driver is ignored [/home/ubuntu/caravel-soc_fpga-lab/lab-fir/fir/rtl/fir.v:152]
CRITICAL WARNING: [Synth 8-6859] multi-driven net on pin Q with 1st driver pin 'genblk1.acc2_reg[1]__0/Q' [/home/ubuntu/caravel-soc_fpga-lab/lab-fir/fir/rtl/fir.v:152]
CRITICAL WARNING: [Synth 8-6859] multi-driven net on pin Q with 2nd driver pin 'GND' [/home/ubuntu/caravel-soc_fpga-lab/lab-fir/fir/rtl/fir.v:152]
CRITICAL WARNING: [Synth 8-6858] multi-driven net Q is connected to at least one constant driver which has been preserved, other driver is ignored [/home/ubuntu/caravel-soc_fpga-lab/lab-fir/fir/rtl/fir.v:152]
CRITICAL WARNING: [Synth 8-6859] multi-driven net on pin Q with 1st driver pin 'genblk1.acc2_reg[0]__0/Q' [/home/ubuntu/caravel-soc_fpga-lab/lab-fir/fir/rtl/fir.v:152]
CRITICAL WARNING: [Synth 8-6859] multi-driven net on pin Q with 2nd driver pin 'GND' [/home/ubuntu/caravel-soc_fpga-lab/lab-fir/fir/rtl/fir.v:152]
CRITICAL WARNING: [Synth 8-6858] multi-driven net Q is connected to at least one constant driver which has been preserved, other driver is ignored [/home/ubuntu/caravel-soc_fpga-lab/lab-fir/fir/rtl/fir.v:152]
CRITICAL WARNING: [Synth 8-6859] multi-driven net on pin Q with 1st driver pin 'genblk1.shift_st_reg[1]__0/Q' [/home/ubuntu/caravel-soc_fpga-lab/lab-fir/fir/rtl/fir.v:79]
CRITICAL WARNING: [Synth 8-6859] multi-driven net on pin Q with 2nd driver pin 'GND' [/home/ubuntu/caravel-soc_fpga-lab/lab-fir/fir/rtl/fir.v:79]
CRITICAL WARNING: [Synth 8-6858] multi-driven net Q is connected to at least one constant driver which has been preserved, other driver is ignored [/home/ubuntu/caravel-soc_fpga-lab/lab-fir/fir/rtl/fir.v:79]
CRITICAL WARNING: [Synth 8-6859] multi-driven net on pin Q with 1st driver pin 'genblk1.shift_st_reg[0]__0/Q' [/home/ubuntu/caravel-soc_fpga-lab/lab-fir/fir/rtl/fir.v:79]
CRITICAL WARNING: [Synth 8-6859] multi-driven net on pin Q with 2nd driver pin 'GND' [/home/ubuntu/caravel-soc_fpga-lab/lab-fir/fir/rtl/fir.v:79]
CRITICAL WARNING: [Synth 8-6858] multi-driven net Q is connected to at least one constant driver which has been preserved, other driver is ignored [/home/ubuntu/caravel-soc_fpga-lab/lab-fir/fir/rtl/fir.v:79]
CRITICAL WARNING: [Synth 8-6859] multi-driven net on pin Q with 1st driver pin 'genblk1.sh_addr_reg[11]__0/Q' [/home/ubuntu/caravel-soc_fpga-lab/lab-fir/fir/rtl/fir.v:141]
CRITICAL WARNING: [Synth 8-6859] multi-driven net on pin Q with 2nd driver pin 'GND' [/home/ubuntu/caravel-soc_fpga-lab/lab-fir/fir/rtl/fir.v:141]
CRITICAL WARNING: [Synth 8-6858] multi-driven net Q is connected to at least one constant driver which has been preserved, other driver is ignored [/home/ubuntu/caravel-soc_fpga-lab/lab-fir/fir/rtl/fir.v:141]
CRITICAL WARNING: [Synth 8-6859] multi-driven net on pin Q with 1st driver pin 'genblk1.sh_addr_reg[10]__0/Q' [/home/ubuntu/caravel-soc_fpga-lab/lab-fir/fir/rtl/fir.v:141]
CRITICAL WARNING: [Synth 8-6859] multi-driven net on pin Q with 2nd driver pin 'GND' [/home/ubuntu/caravel-soc_fpga-lab/lab-fir/fir/rtl/fir.v:141]
CRITICAL WARNING: [Synth 8-6858] multi-driven net Q is connected to at least one constant driver which has been preserved, other driver is ignored [/home/ubuntu/caravel-soc_fpga-lab/lab-fir/fir/rtl/fir.v:141]
CRITICAL WARNING: [Synth 8-6859] multi-driven net on pin Q with 1st driver pin 'genblk1.sh_addr_reg[9]__0/Q' [/home/ubuntu/caravel-soc_fpga-lab/lab-fir/fir/rtl/fir.v:141]
CRITICAL WARNING: [Synth 8-6859] multi-driven net on pin Q with 2nd driver pin 'GND' [/home/ubuntu/caravel-soc_fpga-lab/lab-fir/fir/rtl/fir.v:141]
CRITICAL WARNING: [Synth 8-6858] multi-driven net Q is connected to at least one constant driver which has been preserved, other driver is ignored [/home/ubuntu/caravel-soc_fpga-lab/lab-fir/fir/rtl/fir.v:141]
CRITICAL WARNING: [Synth 8-6859] multi-driven net on pin Q with 1st driver pin 'genblk1.sh_addr_reg[8]__0/Q' [/home/ubuntu/caravel-soc_fpga-lab/lab-fir/fir/rtl/fir.v:141]
CRITICAL WARNING: [Synth 8-6859] multi-driven net on pin Q with 2nd driver pin 'GND' [/home/ubuntu/caravel-soc_fpga-lab/lab-fir/fir/rtl/fir.v:141]
CRITICAL WARNING: [Synth 8-6858] multi-driven net Q is connected to at least one constant driver which has been preserved, other driver is ignored [/home/ubuntu/caravel-soc_fpga-lab/lab-fir/fir/rtl/fir.v:141]
CRITICAL WARNING: [Synth 8-6859] multi-driven net on pin Q with 1st driver pin 'genblk1.sh_addr_reg[7]__0/Q' [/home/ubuntu/caravel-soc_fpga-lab/lab-fir/fir/rtl/fir.v:141]
CRITICAL WARNING: [Synth 8-6859] multi-driven net on pin Q with 2nd driver pin 'GND' [/home/ubuntu/caravel-soc_fpga-lab/lab-fir/fir/rtl/fir.v:141]
CRITICAL WARNING: [Synth 8-6858] multi-driven net Q is connected to at least one constant driver which has been preserved, other driver is ignored [/home/ubuntu/caravel-soc_fpga-lab/lab-fir/fir/rtl/fir.v:141]
CRITICAL WARNING: [Synth 8-6859] multi-driven net on pin Q with 1st driver pin 'genblk1.sh_addr_reg[6]__0/Q' [/home/ubuntu/caravel-soc_fpga-lab/lab-fir/fir/rtl/fir.v:141]
CRITICAL WARNING: [Synth 8-6859] multi-driven net on pin Q with 2nd driver pin 'GND' [/home/ubuntu/caravel-soc_fpga-lab/lab-fir/fir/rtl/fir.v:141]
INFO: [Common 17-14] Message 'Synth 8-6859' appears 100 times and further instances of the messages will be disabled. Use the Tcl command set_msg_config to change the current settings.
CRITICAL WARNING: [Synth 8-6858] multi-driven net Q is connected to at least one constant driver which has been preserved, other driver is ignored [/home/ubuntu/caravel-soc_fpga-lab/lab-fir/fir/rtl/fir.v:141]
CRITICAL WARNING: [Synth 8-6858] multi-driven net Q is connected to at least one constant driver which has been preserved, other driver is ignored [/home/ubuntu/caravel-soc_fpga-lab/lab-fir/fir/rtl/fir.v:141]
CRITICAL WARNING: [Synth 8-6858] multi-driven net Q is connected to at least one constant driver which has been preserved, other driver is ignored [/home/ubuntu/caravel-soc_fpga-lab/lab-fir/fir/rtl/fir.v:141]
CRITICAL WARNING: [Synth 8-6858] multi-driven net Q is connected to at least one constant driver which has been preserved, other driver is ignored [/home/ubuntu/caravel-soc_fpga-lab/lab-fir/fir/rtl/fir.v:141]
CRITICAL WARNING: [Synth 8-6858] multi-driven net Q is connected to at least one constant driver which has been preserved, other driver is ignored [/home/ubuntu/caravel-soc_fpga-lab/lab-fir/fir/rtl/fir.v:141]
CRITICAL WARNING: [Synth 8-6858] multi-driven net Q is connected to at least one constant driver which has been preserved, other driver is ignored [/home/ubuntu/caravel-soc_fpga-lab/lab-fir/fir/rtl/fir.v:141]
CRITICAL WARNING: [Synth 8-6858] multi-driven net Q is connected to at least one constant driver which has been preserved, other driver is ignored [/home/ubuntu/caravel-soc_fpga-lab/lab-fir/fir/rtl/fir.v:141]
CRITICAL WARNING: [Synth 8-6858] multi-driven net Q is connected to at least one constant driver which has been preserved, other driver is ignored [/home/ubuntu/caravel-soc_fpga-lab/lab-fir/fir/rtl/fir.v:142]
CRITICAL WARNING: [Synth 8-6858] multi-driven net Q is connected to at least one constant driver which has been preserved, other driver is ignored [/home/ubuntu/caravel-soc_fpga-lab/lab-fir/fir/rtl/fir.v:142]
CRITICAL WARNING: [Synth 8-6858] multi-driven net Q is connected to at least one constant driver which has been preserved, other driver is ignored [/home/ubuntu/caravel-soc_fpga-lab/lab-fir/fir/rtl/fir.v:142]
CRITICAL WARNING: [Synth 8-6858] multi-driven net Q is connected to at least one constant driver which has been preserved, other driver is ignored [/home/ubuntu/caravel-soc_fpga-lab/lab-fir/fir/rtl/fir.v:142]
CRITICAL WARNING: [Synth 8-6858] multi-driven net Q is connected to at least one constant driver which has been preserved, other driver is ignored [/home/ubuntu/caravel-soc_fpga-lab/lab-fir/fir/rtl/fir.v:142]
CRITICAL WARNING: [Synth 8-6858] multi-driven net Q is connected to at least one constant driver which has been preserved, other driver is ignored [/home/ubuntu/caravel-soc_fpga-lab/lab-fir/fir/rtl/fir.v:142]
CRITICAL WARNING: [Synth 8-6858] multi-driven net Q is connected to at least one constant driver which has been preserved, other driver is ignored [/home/ubuntu/caravel-soc_fpga-lab/lab-fir/fir/rtl/fir.v:142]
CRITICAL WARNING: [Synth 8-6858] multi-driven net Q is connected to at least one constant driver which has been preserved, other driver is ignored [/home/ubuntu/caravel-soc_fpga-lab/lab-fir/fir/rtl/fir.v:142]
CRITICAL WARNING: [Synth 8-6858] multi-driven net Q is connected to at least one constant driver which has been preserved, other driver is ignored [/home/ubuntu/caravel-soc_fpga-lab/lab-fir/fir/rtl/fir.v:142]
CRITICAL WARNING: [Synth 8-6858] multi-driven net Q is connected to at least one constant driver which has been preserved, other driver is ignored [/home/ubuntu/caravel-soc_fpga-lab/lab-fir/fir/rtl/fir.v:142]
CRITICAL WARNING: [Synth 8-6858] multi-driven net Q is connected to at least one constant driver which has been preserved, other driver is ignored [/home/ubuntu/caravel-soc_fpga-lab/lab-fir/fir/rtl/fir.v:142]
CRITICAL WARNING: [Synth 8-6858] multi-driven net Q is connected to at least one constant driver which has been preserved, other driver is ignored [/home/ubuntu/caravel-soc_fpga-lab/lab-fir/fir/rtl/fir.v:142]
CRITICAL WARNING: [Synth 8-6858] multi-driven net Q is connected to at least one constant driver which has been preserved, other driver is ignored [/home/ubuntu/caravel-soc_fpga-lab/lab-fir/fir/rtl/fir.v:78]
CRITICAL WARNING: [Synth 8-6858] multi-driven net Q is connected to at least one constant driver which has been preserved, other driver is ignored [/home/ubuntu/caravel-soc_fpga-lab/lab-fir/fir/rtl/fir.v:78]
CRITICAL WARNING: [Synth 8-6858] multi-driven net Q is connected to at least one constant driver which has been preserved, other driver is ignored [/home/ubuntu/caravel-soc_fpga-lab/lab-fir/fir/rtl/fir.v:151]
CRITICAL WARNING: [Synth 8-6858] multi-driven net Q is connected to at least one constant driver which has been preserved, other driver is ignored [/home/ubuntu/caravel-soc_fpga-lab/lab-fir/fir/rtl/fir.v:151]
CRITICAL WARNING: [Synth 8-6858] multi-driven net Q is connected to at least one constant driver which has been preserved, other driver is ignored [/home/ubuntu/caravel-soc_fpga-lab/lab-fir/fir/rtl/fir.v:151]
CRITICAL WARNING: [Synth 8-6858] multi-driven net Q is connected to at least one constant driver which has been preserved, other driver is ignored [/home/ubuntu/caravel-soc_fpga-lab/lab-fir/fir/rtl/fir.v:151]
CRITICAL WARNING: [Synth 8-6858] multi-driven net Q is connected to at least one constant driver which has been preserved, other driver is ignored [/home/ubuntu/caravel-soc_fpga-lab/lab-fir/fir/rtl/fir.v:151]
CRITICAL WARNING: [Synth 8-6858] multi-driven net Q is connected to at least one constant driver which has been preserved, other driver is ignored [/home/ubuntu/caravel-soc_fpga-lab/lab-fir/fir/rtl/fir.v:151]
CRITICAL WARNING: [Synth 8-6858] multi-driven net Q is connected to at least one constant driver which has been preserved, other driver is ignored [/home/ubuntu/caravel-soc_fpga-lab/lab-fir/fir/rtl/fir.v:151]
CRITICAL WARNING: [Synth 8-6858] multi-driven net Q is connected to at least one constant driver which has been preserved, other driver is ignored [/home/ubuntu/caravel-soc_fpga-lab/lab-fir/fir/rtl/fir.v:151]
CRITICAL WARNING: [Synth 8-6858] multi-driven net Q is connected to at least one constant driver which has been preserved, other driver is ignored [/home/ubuntu/caravel-soc_fpga-lab/lab-fir/fir/rtl/fir.v:151]
CRITICAL WARNING: [Synth 8-6858] multi-driven net Q is connected to at least one constant driver which has been preserved, other driver is ignored [/home/ubuntu/caravel-soc_fpga-lab/lab-fir/fir/rtl/fir.v:151]
CRITICAL WARNING: [Synth 8-6858] multi-driven net Q is connected to at least one constant driver which has been preserved, other driver is ignored [/home/ubuntu/caravel-soc_fpga-lab/lab-fir/fir/rtl/fir.v:151]
CRITICAL WARNING: [Synth 8-6858] multi-driven net Q is connected to at least one constant driver which has been preserved, other driver is ignored [/home/ubuntu/caravel-soc_fpga-lab/lab-fir/fir/rtl/fir.v:151]
CRITICAL WARNING: [Synth 8-6858] multi-driven net Q is connected to at least one constant driver which has been preserved, other driver is ignored [/home/ubuntu/caravel-soc_fpga-lab/lab-fir/fir/rtl/fir.v:151]
CRITICAL WARNING: [Synth 8-6858] multi-driven net Q is connected to at least one constant driver which has been preserved, other driver is ignored [/home/ubuntu/caravel-soc_fpga-lab/lab-fir/fir/rtl/fir.v:151]
CRITICAL WARNING: [Synth 8-6858] multi-driven net Q is connected to at least one constant driver which has been preserved, other driver is ignored [/home/ubuntu/caravel-soc_fpga-lab/lab-fir/fir/rtl/fir.v:151]
CRITICAL WARNING: [Synth 8-6858] multi-driven net Q is connected to at least one constant driver which has been preserved, other driver is ignored [/home/ubuntu/caravel-soc_fpga-lab/lab-fir/fir/rtl/fir.v:151]
CRITICAL WARNING: [Synth 8-6858] multi-driven net Q is connected to at least one constant driver which has been preserved, other driver is ignored [/home/ubuntu/caravel-soc_fpga-lab/lab-fir/fir/rtl/fir.v:151]
CRITICAL WARNING: [Synth 8-6858] multi-driven net Q is connected to at least one constant driver which has been preserved, other driver is ignored [/home/ubuntu/caravel-soc_fpga-lab/lab-fir/fir/rtl/fir.v:151]
CRITICAL WARNING: [Synth 8-6858] multi-driven net Q is connected to at least one constant driver which has been preserved, other driver is ignored [/home/ubuntu/caravel-soc_fpga-lab/lab-fir/fir/rtl/fir.v:151]
CRITICAL WARNING: [Synth 8-6858] multi-driven net Q is connected to at least one constant driver which has been preserved, other driver is ignored [/home/ubuntu/caravel-soc_fpga-lab/lab-fir/fir/rtl/fir.v:151]
CRITICAL WARNING: [Synth 8-6858] multi-driven net Q is connected to at least one constant driver which has been preserved, other driver is ignored [/home/ubuntu/caravel-soc_fpga-lab/lab-fir/fir/rtl/fir.v:151]
CRITICAL WARNING: [Synth 8-6858] multi-driven net Q is connected to at least one constant driver which has been preserved, other driver is ignored [/home/ubuntu/caravel-soc_fpga-lab/lab-fir/fir/rtl/fir.v:151]
CRITICAL WARNING: [Synth 8-6858] multi-driven net Q is connected to at least one constant driver which has been preserved, other driver is ignored [/home/ubuntu/caravel-soc_fpga-lab/lab-fir/fir/rtl/fir.v:151]
CRITICAL WARNING: [Synth 8-6858] multi-driven net Q is connected to at least one constant driver which has been preserved, other driver is ignored [/home/ubuntu/caravel-soc_fpga-lab/lab-fir/fir/rtl/fir.v:151]
CRITICAL WARNING: [Synth 8-6858] multi-driven net Q is connected to at least one constant driver which has been preserved, other driver is ignored [/home/ubuntu/caravel-soc_fpga-lab/lab-fir/fir/rtl/fir.v:151]
CRITICAL WARNING: [Synth 8-6858] multi-driven net Q is connected to at least one constant driver which has been preserved, other driver is ignored [/home/ubuntu/caravel-soc_fpga-lab/lab-fir/fir/rtl/fir.v:151]
CRITICAL WARNING: [Synth 8-6858] multi-driven net Q is connected to at least one constant driver which has been preserved, other driver is ignored [/home/ubuntu/caravel-soc_fpga-lab/lab-fir/fir/rtl/fir.v:151]
CRITICAL WARNING: [Synth 8-6858] multi-driven net Q is connected to at least one constant driver which has been preserved, other driver is ignored [/home/ubuntu/caravel-soc_fpga-lab/lab-fir/fir/rtl/fir.v:151]
CRITICAL WARNING: [Synth 8-6858] multi-driven net Q is connected to at least one constant driver which has been preserved, other driver is ignored [/home/ubuntu/caravel-soc_fpga-lab/lab-fir/fir/rtl/fir.v:151]
CRITICAL WARNING: [Synth 8-6858] multi-driven net Q is connected to at least one constant driver which has been preserved, other driver is ignored [/home/ubuntu/caravel-soc_fpga-lab/lab-fir/fir/rtl/fir.v:151]
INFO: [Common 17-14] Message 'Synth 8-6858' appears 100 times and further instances of the messages will be disabled. Use the Tcl command set_msg_config to change the current settings.
---------------------------------------------------------------------------------
Finished Cross Boundary and Area Optimization : Time (s): cpu = 00:00:21 ; elapsed = 00:00:23 . Memory (MB): peak = 2935.422 ; gain = 64.031 ; free physical = 8680 ; free virtual = 12795
---------------------------------------------------------------------------------
---------------------------------------------------------------------------------
Start ROM, RAM, DSP, Shift Register and Retiming Reporting
---------------------------------------------------------------------------------

DSP: Preliminary Mapping Report (see note below. The ' indicates corresponding REG is set)
+------------+-----------------+--------+--------+--------+--------+--------+------+------+------+------+-------+------+------+
|Module Name | DSP Mapping     | A Size | B Size | C Size | D Size | P Size | AREG | BREG | CREG | DREG | ADREG | MREG | PREG | 
+------------+-----------------+--------+--------+--------+--------+--------+------+------+------+------+-------+------+------+
|fir         | A*B             | 18     | 16     | -      | -      | 48     | 0    | 0    | -    | -    | -     | 0    | 0    | 
|fir         | (PCIN>>17)+A*B  | 16     | 16     | -      | -      | 48     | 0    | 0    | -    | -    | -     | 0    | 0    | 
|fir         | A2*B            | 18     | 18     | -      | -      | 48     | 1    | 0    | -    | -    | -     | 0    | 0    | 
|fir         | (PCIN>>17)+A2*B | 18     | 16     | -      | -      | 48     | 1    | 0    | -    | -    | -     | 0    | 0    | 
+------------+-----------------+--------+--------+--------+--------+--------+------+------+------+------+-------+------+------+

Note: The table above is a preliminary report that shows the DSPs inferred at the current stage of the synthesis flow. Some DSP may be reimplemented as non DSP primitives later in the synthesis flow. Multiple instantiated DSPs are reported only once.
---------------------------------------------------------------------------------
Finished ROM, RAM, DSP, Shift Register and Retiming Reporting
---------------------------------------------------------------------------------
---------------------------------------------------------------------------------
Start Applying XDC Timing Constraints
---------------------------------------------------------------------------------
---------------------------------------------------------------------------------
Finished Applying XDC Timing Constraints : Time (s): cpu = 00:00:28 ; elapsed = 00:00:30 . Memory (MB): peak = 2935.422 ; gain = 64.031 ; free physical = 8528 ; free virtual = 12652
---------------------------------------------------------------------------------
---------------------------------------------------------------------------------
Start Timing Optimization
---------------------------------------------------------------------------------
---------------------------------------------------------------------------------
Finished Timing Optimization : Time (s): cpu = 00:00:28 ; elapsed = 00:00:31 . Memory (MB): peak = 2935.422 ; gain = 64.031 ; free physical = 8514 ; free virtual = 12637
---------------------------------------------------------------------------------
---------------------------------------------------------------------------------
Start Technology Mapping
---------------------------------------------------------------------------------
---------------------------------------------------------------------------------
Finished Technology Mapping : Time (s): cpu = 00:00:29 ; elapsed = 00:00:31 . Memory (MB): peak = 2935.422 ; gain = 64.031 ; free physical = 8542 ; free virtual = 12666
---------------------------------------------------------------------------------
---------------------------------------------------------------------------------
Start IO Insertion
---------------------------------------------------------------------------------
---------------------------------------------------------------------------------
Start Flattening Before IO Insertion
---------------------------------------------------------------------------------
---------------------------------------------------------------------------------
Finished Flattening Before IO Insertion
---------------------------------------------------------------------------------
---------------------------------------------------------------------------------
Start Final Netlist Cleanup
---------------------------------------------------------------------------------
---------------------------------------------------------------------------------
Finished Final Netlist Cleanup
---------------------------------------------------------------------------------
---------------------------------------------------------------------------------
Finished IO Insertion : Time (s): cpu = 00:00:36 ; elapsed = 00:00:38 . Memory (MB): peak = 2935.422 ; gain = 64.031 ; free physical = 8524 ; free virtual = 12648
---------------------------------------------------------------------------------
---------------------------------------------------------------------------------
Start Renaming Generated Instances
---------------------------------------------------------------------------------
---------------------------------------------------------------------------------
Finished Renaming Generated Instances : Time (s): cpu = 00:00:36 ; elapsed = 00:00:38 . Memory (MB): peak = 2935.422 ; gain = 64.031 ; free physical = 8524 ; free virtual = 12648
---------------------------------------------------------------------------------
---------------------------------------------------------------------------------
Start Rebuilding User Hierarchy
---------------------------------------------------------------------------------
---------------------------------------------------------------------------------
Finished Rebuilding User Hierarchy : Time (s): cpu = 00:00:36 ; elapsed = 00:00:38 . Memory (MB): peak = 2935.422 ; gain = 64.031 ; free physical = 8524 ; free virtual = 12648
---------------------------------------------------------------------------------
---------------------------------------------------------------------------------
Start Renaming Generated Ports
---------------------------------------------------------------------------------
---------------------------------------------------------------------------------
Finished Renaming Generated Ports : Time (s): cpu = 00:00:36 ; elapsed = 00:00:38 . Memory (MB): peak = 2935.422 ; gain = 64.031 ; free physical = 8524 ; free virtual = 12648
---------------------------------------------------------------------------------
---------------------------------------------------------------------------------
Start Handling Custom Attributes
---------------------------------------------------------------------------------
---------------------------------------------------------------------------------
Finished Handling Custom Attributes : Time (s): cpu = 00:00:36 ; elapsed = 00:00:38 . Memory (MB): peak = 2935.422 ; gain = 64.031 ; free physical = 8524 ; free virtual = 12648
---------------------------------------------------------------------------------
---------------------------------------------------------------------------------
Start Renaming Generated Nets
---------------------------------------------------------------------------------
---------------------------------------------------------------------------------
Finished Renaming Generated Nets : Time (s): cpu = 00:00:36 ; elapsed = 00:00:38 . Memory (MB): peak = 2935.422 ; gain = 64.031 ; free physical = 8524 ; free virtual = 12648
---------------------------------------------------------------------------------
---------------------------------------------------------------------------------
Start Writing Synthesis Report
---------------------------------------------------------------------------------

Report BlackBoxes: 
+-+--------------+----------+
| |BlackBox name |Instances |
+-+--------------+----------+
+-+--------------+----------+

Report Cell Usage: 
+------+------+------+
|      |Cell  |Count |
+------+------+------+
|1     |BUFG  |     1|
|2     |LUT1  |     1|
|3     |LUT2  |     9|
|4     |LUT3  |     6|
|5     |LUT4  |    15|
|6     |LUT5  |    40|
|7     |LUT6  |    80|
|8     |FDCE  |     4|
|9     |IBUF  |   126|
|10    |OBUF  |   167|
|11    |OBUFT |     2|
+------+------+------+
---------------------------------------------------------------------------------
Finished Writing Synthesis Report : Time (s): cpu = 00:00:36 ; elapsed = 00:00:38 . Memory (MB): peak = 2935.422 ; gain = 64.031 ; free physical = 8524 ; free virtual = 12648
---------------------------------------------------------------------------------
Synthesis finished with 0 errors, 498 critical warnings and 4 warnings.
Synthesis Optimization Runtime : Time (s): cpu = 00:00:33 ; elapsed = 00:00:35 . Memory (MB): peak = 2935.422 ; gain = 0.000 ; free physical = 8580 ; free virtual = 12704
Synthesis Optimization Complete : Time (s): cpu = 00:00:36 ; elapsed = 00:00:38 . Memory (MB): peak = 2935.422 ; gain = 64.031 ; free physical = 8580 ; free virtual = 12704
INFO: [Project 1-571] Translating synthesized netlist
Netlist sorting complete. Time (s): cpu = 00:00:00 ; elapsed = 00:00:00 . Memory (MB): peak = 2935.422 ; gain = 0.000 ; free physical = 8662 ; free virtual = 12786
INFO: [Project 1-570] Preparing netlist for logic optimization
INFO: [Opt 31-138] Pushed 0 inverter(s) to 0 load pin(s).
Netlist sorting complete. Time (s): cpu = 00:00:00 ; elapsed = 00:00:00 . Memory (MB): peak = 2935.422 ; gain = 0.000 ; free physical = 8609 ; free virtual = 12733
INFO: [Project 1-111] Unisim Transformation Summary:
No Unisim elements were transformed.

Synth Design complete, checksum: 680c99c2
INFO: [Common 17-83] Releasing license: Synthesis
24 Infos, 13 Warnings, 200 Critical Warnings and 0 Errors encountered.
synth_design completed successfully
synth_design: Time (s): cpu = 00:00:46 ; elapsed = 00:00:47 . Memory (MB): peak = 2935.422 ; gain = 64.031 ; free physical = 8815 ; free virtual = 12940
INFO: [runtcl-6] Synthesis results are not added to the cache due to CRITICAL_WARNING
INFO: [Common 17-1381] The checkpoint '/home/ubuntu/caravel-soc_fpga-lab/lab-fir/fir/project_1/project_1.runs/synth_1/fir.dcp' has been generated.
INFO: [runtcl-4] Executing : report_utilization -file fir_utilization_synth.rpt -pb fir_utilization_synth.pb
INFO: [Common 17-206] Exiting Vivado at Sat Oct 21 18:01:29 2023...
